0 info it worked if it ends with ok
1 verbose cli [ '/usr/bin/node', '/usr/bin/npm', 'install', '--production' ]
2 info using npm@3.10.10
3 info using node@v6.11.0
4 silly loadCurrentTree Starting
5 silly install loadCurrentTree
6 silly install readLocalPackageData
7 silly install normalizeTree
8 silly loadCurrentTree Finishing
9 silly loadIdealTree Starting
10 silly install loadIdealTree
11 silly cloneCurrentTree Starting
12 silly install cloneCurrentTreeToIdealTree
13 silly cloneCurrentTree Finishing
14 silly loadShrinkwrap Starting
15 silly install loadShrinkwrap
16 silly loadShrinkwrap Finishing
17 silly loadAllDepsIntoIdealTree Starting
18 silly install loadAllDepsIntoIdealTree
19 silly fetchNamedPackageData node-static
20 silly mapToRegistry name node-static
21 silly mapToRegistry using default registry
22 silly mapToRegistry registry https://registry.npmjs.org/
23 silly mapToRegistry data Result {
23 silly mapToRegistry   raw: 'node-static',
23 silly mapToRegistry   scope: null,
23 silly mapToRegistry   escapedName: 'node-static',
23 silly mapToRegistry   name: 'node-static',
23 silly mapToRegistry   rawSpec: '',
23 silly mapToRegistry   spec: 'latest',
23 silly mapToRegistry   type: 'tag' }
24 silly mapToRegistry uri https://registry.npmjs.org/node-static
25 verbose request uri https://registry.npmjs.org/node-static
26 verbose request no auth needed
27 info attempt registry request try #1 at 6:34:11 PM
28 verbose request id e763565e90a39446
29 http request GET https://registry.npmjs.org/node-static
30 http 200 https://registry.npmjs.org/node-static
31 verbose headers { server: 'nginx/1.10.1',
31 verbose headers   'content-type': 'application/json',
31 verbose headers   'last-modified': 'Thu, 08 Jun 2017 06:27:24 GMT',
31 verbose headers   etag: 'W/"5938ee4c-90fb"',
31 verbose headers   'content-encoding': 'gzip',
31 verbose headers   'cache-control': 'max-age=300',
31 verbose headers   'content-length': '5341',
31 verbose headers   'accept-ranges': 'bytes',
31 verbose headers   date: 'Thu, 08 Jun 2017 18:34:11 GMT',
31 verbose headers   via: '1.1 varnish',
31 verbose headers   age: '153',
31 verbose headers   connection: 'keep-alive',
31 verbose headers   'x-served-by': 'cache-lhr6338-LHR',
31 verbose headers   'x-cache': 'HIT',
31 verbose headers   'x-cache-hits': '1',
31 verbose headers   'x-timer': 'S1496946852.555766,VS0,VE0',
31 verbose headers   vary: 'Accept-Encoding' }
32 silly get cb [ 200,
32 silly get   { server: 'nginx/1.10.1',
32 silly get     'content-type': 'application/json',
32 silly get     'last-modified': 'Thu, 08 Jun 2017 06:27:24 GMT',
32 silly get     etag: 'W/"5938ee4c-90fb"',
32 silly get     'content-encoding': 'gzip',
32 silly get     'cache-control': 'max-age=300',
32 silly get     'content-length': '5341',
32 silly get     'accept-ranges': 'bytes',
32 silly get     date: 'Thu, 08 Jun 2017 18:34:11 GMT',
32 silly get     via: '1.1 varnish',
32 silly get     age: '153',
32 silly get     connection: 'keep-alive',
32 silly get     'x-served-by': 'cache-lhr6338-LHR',
32 silly get     'x-cache': 'HIT',
32 silly get     'x-cache-hits': '1',
32 silly get     'x-timer': 'S1496946852.555766,VS0,VE0',
32 silly get     vary: 'Accept-Encoding' } ]
33 verbose get saving node-static to /root/.npm/registry.npmjs.org/node-static/.cache.json
34 verbose correctMkdir /root/.npm correctMkdir not in flight; initializing
35 verbose makeDirectory /root/.npm creation not in flight; initializing
36 silly makeDirectory /root/.npm uid: 501 gid: 501
37 silly resolveWithNewModule node-static@0.7.9 checking installable status
38 silly cache add args [ 'node-static@~0.7.0', null ]
39 verbose cache add spec node-static@~0.7.0
40 silly cache add parsed spec Result {
40 silly cache add   raw: 'node-static@~0.7.0',
40 silly cache add   scope: null,
40 silly cache add   escapedName: 'node-static',
40 silly cache add   name: 'node-static',
40 silly cache add   rawSpec: '~0.7.0',
40 silly cache add   spec: '>=0.7.0 <0.8.0',
40 silly cache add   type: 'range' }
41 silly addNamed node-static@>=0.7.0 <0.8.0
42 verbose addNamed ">=0.7.0 <0.8.0" is a valid semver range for node-static
43 silly addNameRange { name: 'node-static', range: '>=0.7.0 <0.8.0', hasData: false }
44 silly mapToRegistry name node-static
45 silly mapToRegistry using default registry
46 silly mapToRegistry registry https://registry.npmjs.org/
47 silly mapToRegistry data Result {
47 silly mapToRegistry   raw: 'node-static',
47 silly mapToRegistry   scope: null,
47 silly mapToRegistry   escapedName: 'node-static',
47 silly mapToRegistry   name: 'node-static',
47 silly mapToRegistry   rawSpec: '',
47 silly mapToRegistry   spec: 'latest',
47 silly mapToRegistry   type: 'tag' }
48 silly mapToRegistry uri https://registry.npmjs.org/node-static
49 verbose addNameRange registry:https://registry.npmjs.org/node-static not in flight; fetching
50 verbose get https://registry.npmjs.org/node-static not expired, no request
51 silly addNameRange number 2 { name: 'node-static', range: '>=0.7.0 <0.8.0', hasData: true }
52 silly addNameRange versions [ 'node-static',
52 silly addNameRange   [ '0.5.6',
52 silly addNameRange     '0.5.7',
52 silly addNameRange     '0.5.8',
52 silly addNameRange     '0.5.9',
52 silly addNameRange     '0.6.0',
52 silly addNameRange     '0.6.1',
52 silly addNameRange     '0.6.2',
52 silly addNameRange     '0.6.3',
52 silly addNameRange     '0.6.4',
52 silly addNameRange     '0.6.5',
52 silly addNameRange     '0.6.6',
52 silly addNameRange     '0.6.7',
52 silly addNameRange     '0.6.8',
52 silly addNameRange     '0.6.9',
52 silly addNameRange     '0.7.0',
52 silly addNameRange     '0.7.1',
52 silly addNameRange     '0.7.2',
52 silly addNameRange     '0.7.3',
52 silly addNameRange     '0.7.4',
52 silly addNameRange     '0.7.5',
52 silly addNameRange     '0.7.6',
52 silly addNameRange     '0.7.7',
52 silly addNameRange     '0.7.8',
52 silly addNameRange     '0.7.9' ] ]
53 silly addNamed node-static@0.7.9
54 verbose addNamed "0.7.9" is a plain semver version for node-static
55 silly mapToRegistry name node-static
56 silly mapToRegistry using default registry
57 silly mapToRegistry registry https://registry.npmjs.org/
58 silly mapToRegistry data Result {
58 silly mapToRegistry   raw: 'node-static',
58 silly mapToRegistry   scope: null,
58 silly mapToRegistry   escapedName: 'node-static',
58 silly mapToRegistry   name: 'node-static',
58 silly mapToRegistry   rawSpec: '',
58 silly mapToRegistry   spec: 'latest',
58 silly mapToRegistry   type: 'tag' }
59 silly mapToRegistry uri https://registry.npmjs.org/node-static
60 verbose addRemoteTarball https://registry.npmjs.org/node-static/-/node-static-0.7.9.tgz not in flight; adding
61 verbose addRemoteTarball [ 'https://registry.npmjs.org/node-static/-/node-static-0.7.9.tgz',
61 verbose addRemoteTarball   '9bb69fce2281f7ae3cd1fb983e9ea0ec0cd9fecb' ]
62 info retry fetch attempt 1 at 6:34:11 PM
63 info attempt registry request try #1 at 6:34:11 PM
64 http fetch GET https://registry.npmjs.org/node-static/-/node-static-0.7.9.tgz
65 http fetch 200 https://registry.npmjs.org/node-static/-/node-static-0.7.9.tgz
66 silly fetchAndShaCheck shasum 9bb69fce2281f7ae3cd1fb983e9ea0ec0cd9fecb
67 verbose addTmpTarball /tmp/npm-4414-6ebc45bb/registry.npmjs.org/node-static/-/node-static-0.7.9.tgz not in flight; adding
68 verbose addTmpTarball already have metadata; skipping unpack for node-static@0.7.9
69 verbose correctMkdir /root/.npm correctMkdir not in flight; initializing
70 silly cache afterAdd node-static@0.7.9
71 verbose afterAdd /root/.npm/node-static/0.7.9/package/package.json not in flight; writing
72 verbose correctMkdir /root/.npm correctMkdir not in flight; initializing
73 verbose afterAdd /root/.npm/node-static/0.7.9/package/package.json written
74 silly fetchNamedPackageData mime
75 silly mapToRegistry name mime
76 silly mapToRegistry using default registry
77 silly mapToRegistry registry https://registry.npmjs.org/
78 silly mapToRegistry data Result {
78 silly mapToRegistry   raw: 'mime',
78 silly mapToRegistry   scope: null,
78 silly mapToRegistry   escapedName: 'mime',
78 silly mapToRegistry   name: 'mime',
78 silly mapToRegistry   rawSpec: '',
78 silly mapToRegistry   spec: 'latest',
78 silly mapToRegistry   type: 'tag' }
79 silly mapToRegistry uri https://registry.npmjs.org/mime
80 verbose request uri https://registry.npmjs.org/mime
81 verbose request no auth needed
82 info attempt registry request try #1 at 6:34:11 PM
83 http request GET https://registry.npmjs.org/mime
84 http 200 https://registry.npmjs.org/mime
85 verbose headers { server: 'nginx/1.10.1',
85 verbose headers   'content-type': 'application/json',
85 verbose headers   'last-modified': 'Sat, 03 Jun 2017 16:01:12 GMT',
85 verbose headers   etag: 'W/"5932dd48-5cae"',
85 verbose headers   'content-encoding': 'gzip',
85 verbose headers   'cache-control': 'max-age=300',
85 verbose headers   'content-length': '4385',
85 verbose headers   'accept-ranges': 'bytes',
85 verbose headers   date: 'Thu, 08 Jun 2017 18:34:11 GMT',
85 verbose headers   via: '1.1 varnish',
85 verbose headers   age: '268',
85 verbose headers   connection: 'keep-alive',
85 verbose headers   'x-served-by': 'cache-lhr6338-LHR',
85 verbose headers   'x-cache': 'HIT',
85 verbose headers   'x-cache-hits': '4',
85 verbose headers   'x-timer': 'S1496946852.770733,VS0,VE0',
85 verbose headers   vary: 'Accept-Encoding' }
86 silly get cb [ 200,
86 silly get   { server: 'nginx/1.10.1',
86 silly get     'content-type': 'application/json',
86 silly get     'last-modified': 'Sat, 03 Jun 2017 16:01:12 GMT',
86 silly get     etag: 'W/"5932dd48-5cae"',
86 silly get     'content-encoding': 'gzip',
86 silly get     'cache-control': 'max-age=300',
86 silly get     'content-length': '4385',
86 silly get     'accept-ranges': 'bytes',
86 silly get     date: 'Thu, 08 Jun 2017 18:34:11 GMT',
86 silly get     via: '1.1 varnish',
86 silly get     age: '268',
86 silly get     connection: 'keep-alive',
86 silly get     'x-served-by': 'cache-lhr6338-LHR',
86 silly get     'x-cache': 'HIT',
86 silly get     'x-cache-hits': '4',
86 silly get     'x-timer': 'S1496946852.770733,VS0,VE0',
86 silly get     vary: 'Accept-Encoding' } ]
87 verbose get saving mime to /root/.npm/registry.npmjs.org/mime/.cache.json
88 verbose correctMkdir /root/.npm correctMkdir not in flight; initializing
89 silly resolveWithNewModule mime@1.3.6 checking installable status
90 silly cache add args [ 'mime@>=1.2.9', null ]
91 verbose cache add spec mime@>=1.2.9
92 silly cache add parsed spec Result {
92 silly cache add   raw: 'mime@>=1.2.9',
92 silly cache add   scope: null,
92 silly cache add   escapedName: 'mime',
92 silly cache add   name: 'mime',
92 silly cache add   rawSpec: '>=1.2.9',
92 silly cache add   spec: '>=1.2.9',
92 silly cache add   type: 'range' }
93 silly addNamed mime@>=1.2.9
94 verbose addNamed ">=1.2.9" is a valid semver range for mime
95 silly addNameRange { name: 'mime', range: '>=1.2.9', hasData: false }
96 silly mapToRegistry name mime
97 silly mapToRegistry using default registry
98 silly mapToRegistry registry https://registry.npmjs.org/
99 silly mapToRegistry data Result {
99 silly mapToRegistry   raw: 'mime',
99 silly mapToRegistry   scope: null,
99 silly mapToRegistry   escapedName: 'mime',
99 silly mapToRegistry   name: 'mime',
99 silly mapToRegistry   rawSpec: '',
99 silly mapToRegistry   spec: 'latest',
99 silly mapToRegistry   type: 'tag' }
100 silly mapToRegistry uri https://registry.npmjs.org/mime
101 verbose addNameRange registry:https://registry.npmjs.org/mime not in flight; fetching
102 verbose get https://registry.npmjs.org/mime not expired, no request
103 silly addNameRange number 2 { name: 'mime', range: '>=1.2.9', hasData: true }
104 silly addNameRange versions [ 'mime',
104 silly addNameRange   [ '1.0.0',
104 silly addNameRange     '1.1.0',
104 silly addNameRange     '1.2.1',
104 silly addNameRange     '1.2.2',
104 silly addNameRange     '1.2.3',
104 silly addNameRange     '1.2.4',
104 silly addNameRange     '1.2.5',
104 silly addNameRange     '1.2.6',
104 silly addNameRange     '1.2.7',
104 silly addNameRange     '1.2.8',
104 silly addNameRange     '1.2.9',
104 silly addNameRange     '1.2.10',
104 silly addNameRange     '1.2.11',
104 silly addNameRange     '1.3.0',
104 silly addNameRange     '1.3.2',
104 silly addNameRange     '1.3.3',
104 silly addNameRange     '1.3.4',
104 silly addNameRange     '1.3.5',
104 silly addNameRange     '1.3.6' ] ]
105 silly addNamed mime@1.3.6
106 verbose addNamed "1.3.6" is a plain semver version for mime
107 silly mapToRegistry name mime
108 silly mapToRegistry using default registry
109 silly mapToRegistry registry https://registry.npmjs.org/
110 silly mapToRegistry data Result {
110 silly mapToRegistry   raw: 'mime',
110 silly mapToRegistry   scope: null,
110 silly mapToRegistry   escapedName: 'mime',
110 silly mapToRegistry   name: 'mime',
110 silly mapToRegistry   rawSpec: '',
110 silly mapToRegistry   spec: 'latest',
110 silly mapToRegistry   type: 'tag' }
111 silly mapToRegistry uri https://registry.npmjs.org/mime
112 verbose addRemoteTarball https://registry.npmjs.org/mime/-/mime-1.3.6.tgz not in flight; adding
113 verbose addRemoteTarball [ 'https://registry.npmjs.org/mime/-/mime-1.3.6.tgz',
113 verbose addRemoteTarball   '591d84d3653a6b0b4a3b9df8de5aa8108e72e5e0' ]
114 info retry fetch attempt 1 at 6:34:11 PM
115 info attempt registry request try #1 at 6:34:11 PM
116 http fetch GET https://registry.npmjs.org/mime/-/mime-1.3.6.tgz
117 http fetch 200 https://registry.npmjs.org/mime/-/mime-1.3.6.tgz
118 silly fetchAndShaCheck shasum 591d84d3653a6b0b4a3b9df8de5aa8108e72e5e0
119 verbose addTmpTarball /tmp/npm-4414-6ebc45bb/registry.npmjs.org/mime/-/mime-1.3.6.tgz not in flight; adding
120 verbose addTmpTarball already have metadata; skipping unpack for mime@1.3.6
121 verbose correctMkdir /root/.npm correctMkdir not in flight; initializing
122 silly cache afterAdd mime@1.3.6
123 verbose afterAdd /root/.npm/mime/1.3.6/package/package.json not in flight; writing
124 verbose correctMkdir /root/.npm correctMkdir not in flight; initializing
125 verbose afterAdd /root/.npm/mime/1.3.6/package/package.json written
126 silly loadAllDepsIntoIdealTree Finishing
127 silly loadIdealTree Finishing
128 silly currentTree sonos-http-api@1.4.1
128 silly currentTree ├── ajv@4.11.8
128 silly currentTree ├── anesidora@1.2.1
128 silly currentTree ├── asn1@0.2.3
128 silly currentTree ├── assert-plus@0.2.0
128 silly currentTree ├── asynckit@0.4.0
128 silly currentTree ├── aws-sdk@2.65.0
128 silly currentTree ├── aws-sign2@0.6.0
128 silly currentTree ├── aws4@1.6.0
128 silly currentTree ├── base64-js@1.2.0
128 silly currentTree ├── basic-auth@1.1.0
128 silly currentTree ├── bcrypt-pbkdf@1.0.1
128 silly currentTree ├── bluebird@2.11.0
128 silly currentTree ├── boom@2.10.1
128 silly currentTree ├── buffer@5.0.6
128 silly currentTree ├── caseless@0.12.0
128 silly currentTree ├── cls-bluebird@1.1.3
128 silly currentTree ├── co@4.6.0
128 silly currentTree ├── colors@1.1.2
128 silly currentTree ├── combined-stream@1.0.5
128 silly currentTree ├── cryptiles@2.0.5
128 silly currentTree ├── crypto-browserify@1.0.9
128 silly currentTree ├─┬ dashdash@1.14.1
128 silly currentTree │ └── assert-plus@1.0.0
128 silly currentTree ├── delayed-stream@1.0.0
128 silly currentTree ├── ecc-jsbn@0.1.1
128 silly currentTree ├── extend@3.0.1
128 silly currentTree ├── extsprintf@1.0.2
128 silly currentTree ├── forever-agent@0.6.1
128 silly currentTree ├── form-data@2.1.4
128 silly currentTree ├── fuse.js@2.7.4
128 silly currentTree ├─┬ getpass@0.1.7
128 silly currentTree │ └── assert-plus@1.0.0
128 silly currentTree ├── har-schema@1.0.5
128 silly currentTree ├── har-validator@4.2.1
128 silly currentTree ├── hawk@3.1.3
128 silly currentTree ├── hoek@2.16.3
128 silly currentTree ├── html-entities@1.0.10
128 silly currentTree ├── http-signature@1.1.1
128 silly currentTree ├── ieee754@1.1.8
128 silly currentTree ├── is-bluebird@1.0.2
128 silly currentTree ├── is-typedarray@1.0.0
128 silly currentTree ├── isstream@0.1.2
128 silly currentTree ├── jmespath@0.15.0
128 silly currentTree ├── jsbn@0.1.1
128 silly currentTree ├── json-schema@0.2.3
128 silly currentTree ├── json-stable-stringify@1.0.1
128 silly currentTree ├── json-stringify-safe@5.0.1
128 silly currentTree ├── json5@0.5.1
128 silly currentTree ├── jsonify@0.0.0
128 silly currentTree ├─┬ jsprim@1.4.0
128 silly currentTree │ └── assert-plus@1.0.0
128 silly currentTree ├── lodash@4.17.4
128 silly currentTree ├── mime-db@1.27.0
128 silly currentTree ├── mime-types@2.1.15
128 silly currentTree ├── minimist@0.0.10
128 silly currentTree ├── oauth-sign@0.8.2
128 silly currentTree ├── optimist@0.6.1
128 silly currentTree ├── performance-now@0.2.0
128 silly currentTree ├── punycode@1.4.1
128 silly currentTree ├── qs@6.4.0
128 silly currentTree ├── querystring@0.2.0
128 silly currentTree ├─┬ request-promise@1.0.2
128 silly currentTree │ └── lodash@3.10.1
128 silly currentTree ├── request@2.81.0
128 silly currentTree ├── safe-buffer@5.1.0
128 silly currentTree ├── sax@1.2.1
128 silly currentTree ├── shimmer@1.1.0
128 silly currentTree ├── sntp@1.0.9
128 silly currentTree ├── sonos-discovery@1.4.1
128 silly currentTree ├─┬ sshpk@1.13.1
128 silly currentTree │ └── assert-plus@1.0.0
128 silly currentTree ├── stringstream@0.0.5
128 silly currentTree ├── tough-cookie@2.3.2
128 silly currentTree ├── tunnel-agent@0.6.0
128 silly currentTree ├── tweetnacl@0.14.5
128 silly currentTree ├── underscore@1.8.3
128 silly currentTree ├─┬ url@0.10.3
128 silly currentTree │ └── punycode@1.3.2
128 silly currentTree ├── uuid@3.0.1
128 silly currentTree ├── verror@1.3.6
128 silly currentTree ├── wordwrap@0.0.3
128 silly currentTree ├── xml-flow@1.0.1
128 silly currentTree ├── xml2js@0.4.17
128 silly currentTree └── xmlbuilder@4.2.1
129 silly idealTree sonos-http-api@1.4.1
129 silly idealTree ├── ajv@4.11.8
129 silly idealTree ├── anesidora@1.2.1
129 silly idealTree ├── asn1@0.2.3
129 silly idealTree ├── assert-plus@0.2.0
129 silly idealTree ├── asynckit@0.4.0
129 silly idealTree ├── aws-sdk@2.65.0
129 silly idealTree ├── aws-sign2@0.6.0
129 silly idealTree ├── aws4@1.6.0
129 silly idealTree ├── base64-js@1.2.0
129 silly idealTree ├── basic-auth@1.1.0
129 silly idealTree ├── bcrypt-pbkdf@1.0.1
129 silly idealTree ├── bluebird@2.11.0
129 silly idealTree ├── boom@2.10.1
129 silly idealTree ├── buffer@5.0.6
129 silly idealTree ├── caseless@0.12.0
129 silly idealTree ├── cls-bluebird@1.1.3
129 silly idealTree ├── co@4.6.0
129 silly idealTree ├── colors@1.1.2
129 silly idealTree ├── combined-stream@1.0.5
129 silly idealTree ├── cryptiles@2.0.5
129 silly idealTree ├── crypto-browserify@1.0.9
129 silly idealTree ├─┬ dashdash@1.14.1
129 silly idealTree │ └── assert-plus@1.0.0
129 silly idealTree ├── delayed-stream@1.0.0
129 silly idealTree ├── ecc-jsbn@0.1.1
129 silly idealTree ├── extend@3.0.1
129 silly idealTree ├── extsprintf@1.0.2
129 silly idealTree ├── forever-agent@0.6.1
129 silly idealTree ├── form-data@2.1.4
129 silly idealTree ├── fuse.js@2.7.4
129 silly idealTree ├─┬ getpass@0.1.7
129 silly idealTree │ └── assert-plus@1.0.0
129 silly idealTree ├── har-schema@1.0.5
129 silly idealTree ├── har-validator@4.2.1
129 silly idealTree ├── hawk@3.1.3
129 silly idealTree ├── hoek@2.16.3
129 silly idealTree ├── html-entities@1.0.10
129 silly idealTree ├── http-signature@1.1.1
129 silly idealTree ├── ieee754@1.1.8
129 silly idealTree ├── is-bluebird@1.0.2
129 silly idealTree ├── is-typedarray@1.0.0
129 silly idealTree ├── isstream@0.1.2
129 silly idealTree ├── jmespath@0.15.0
129 silly idealTree ├── jsbn@0.1.1
129 silly idealTree ├── json-schema@0.2.3
129 silly idealTree ├── json-stable-stringify@1.0.1
129 silly idealTree ├── json-stringify-safe@5.0.1
129 silly idealTree ├── json5@0.5.1
129 silly idealTree ├── jsonify@0.0.0
129 silly idealTree ├─┬ jsprim@1.4.0
129 silly idealTree │ └── assert-plus@1.0.0
129 silly idealTree ├── lodash@4.17.4
129 silly idealTree ├── mime-db@1.27.0
129 silly idealTree ├── mime-types@2.1.15
129 silly idealTree ├── mime@1.3.6
129 silly idealTree ├── minimist@0.0.10
129 silly idealTree ├── node-static@0.7.9
129 silly idealTree ├── oauth-sign@0.8.2
129 silly idealTree ├── optimist@0.6.1
129 silly idealTree ├── performance-now@0.2.0
129 silly idealTree ├── punycode@1.4.1
129 silly idealTree ├── qs@6.4.0
129 silly idealTree ├── querystring@0.2.0
129 silly idealTree ├─┬ request-promise@1.0.2
129 silly idealTree │ └── lodash@3.10.1
129 silly idealTree ├── request@2.81.0
129 silly idealTree ├── safe-buffer@5.1.0
129 silly idealTree ├── sax@1.2.1
129 silly idealTree ├── shimmer@1.1.0
129 silly idealTree ├── sntp@1.0.9
129 silly idealTree ├── sonos-discovery@1.4.1
129 silly idealTree ├─┬ sshpk@1.13.1
129 silly idealTree │ └── assert-plus@1.0.0
129 silly idealTree ├── stringstream@0.0.5
129 silly idealTree ├── tough-cookie@2.3.2
129 silly idealTree ├── tunnel-agent@0.6.0
129 silly idealTree ├── tweetnacl@0.14.5
129 silly idealTree ├── underscore@1.8.3
129 silly idealTree ├─┬ url@0.10.3
129 silly idealTree │ └── punycode@1.3.2
129 silly idealTree ├── uuid@3.0.1
129 silly idealTree ├── verror@1.3.6
129 silly idealTree ├── wordwrap@0.0.3
129 silly idealTree ├── xml-flow@1.0.1
129 silly idealTree ├── xml2js@0.4.17
129 silly idealTree └── xmlbuilder@4.2.1
130 silly generateActionsToTake Starting
131 silly install generateActionsToTake
132 silly generateActionsToTake Finishing
133 silly diffTrees action count 2
134 silly diffTrees add mime@1.3.6
135 silly diffTrees add node-static@0.7.9
136 silly decomposeActions action count 16
137 silly decomposeActions fetch mime@1.3.6
138 silly decomposeActions extract mime@1.3.6
139 silly decomposeActions test mime@1.3.6
140 silly decomposeActions preinstall mime@1.3.6
141 silly decomposeActions build mime@1.3.6
142 silly decomposeActions install mime@1.3.6
143 silly decomposeActions postinstall mime@1.3.6
144 silly decomposeActions finalize mime@1.3.6
145 silly decomposeActions fetch node-static@0.7.9
146 silly decomposeActions extract node-static@0.7.9
147 silly decomposeActions test node-static@0.7.9
148 silly decomposeActions preinstall node-static@0.7.9
149 silly decomposeActions build node-static@0.7.9
150 silly decomposeActions install node-static@0.7.9
151 silly decomposeActions postinstall node-static@0.7.9
152 silly decomposeActions finalize node-static@0.7.9
153 silly runTopLevelLifecycles Starting
154 silly install runPreinstallTopLevelLifecycles
155 silly preinstall sonos-http-api@1.4.1 /vagrant/node-sonos-http-api-master/sonos-http-api-b11c9672
156 info lifecycle sonos-http-api@1.4.1~preinstall: sonos-http-api@1.4.1
157 silly lifecycle sonos-http-api@1.4.1~preinstall: no script for preinstall, continuing
158 silly executeActions Starting
159 silly install executeActions
160 silly doSerial global-install 0
161 silly doParallel fetch 2
162 verbose correctMkdir /root/.npm/_locks correctMkdir not in flight; initializing
163 verbose makeDirectory /root/.npm/_locks creation not in flight; initializing
164 silly makeDirectory /root/.npm/_locks uid: 501 gid: 501
165 verbose lock using /root/.npm/_locks/staging-d7a218cdecc7cafa.lock for /vagrant/node-sonos-http-api-master/node_modules/.staging
166 silly doParallel extract 2
167 silly extract mime@1.3.6
168 silly extract node-static@0.7.9
169 verbose unbuild node_modules/.staging/mime-5f5a9a11
170 verbose unbuild node_modules/.staging/node-static-3c588fc6
171 silly gentlyRm /vagrant/node-sonos-http-api-master/node_modules/.staging/mime-5f5a9a11 is being purged from base /vagrant/node-sonos-http-api-master
172 verbose gentlyRm don't care about contents; nuking /vagrant/node-sonos-http-api-master/node_modules/.staging/mime-5f5a9a11
173 silly gentlyRm /vagrant/node-sonos-http-api-master/node_modules/.staging/node-static-3c588fc6 is being purged from base /vagrant/node-sonos-http-api-master
174 verbose gentlyRm don't care about contents; nuking /vagrant/node-sonos-http-api-master/node_modules/.staging/node-static-3c588fc6
175 verbose tar unpack /root/.npm/mime/1.3.6/package.tgz
176 verbose tar unpacking to /vagrant/node-sonos-http-api-master/node_modules/.staging/mime-5f5a9a11
177 silly gentlyRm /vagrant/node-sonos-http-api-master/node_modules/.staging/mime-5f5a9a11 is being purged
178 verbose gentlyRm don't care about contents; nuking /vagrant/node-sonos-http-api-master/node_modules/.staging/mime-5f5a9a11
179 verbose tar unpack /root/.npm/node-static/0.7.9/package.tgz
180 verbose tar unpacking to /vagrant/node-sonos-http-api-master/node_modules/.staging/node-static-3c588fc6
181 silly gentlyRm /vagrant/node-sonos-http-api-master/node_modules/.staging/node-static-3c588fc6 is being purged
182 verbose gentlyRm don't care about contents; nuking /vagrant/node-sonos-http-api-master/node_modules/.staging/node-static-3c588fc6
183 silly gunzTarPerm modes [ '755', '644' ]
184 silly gunzTarPerm modes [ '755', '644' ]
185 silly gunzTarPerm extractEntry package.json
186 silly gunzTarPerm extractEntry package.json
187 silly gunzTarPerm extractEntry .npmignore
188 silly gunzTarPerm extractEntry README.md
189 silly gunzTarPerm extractEntry .npmignore
190 silly gunzTarPerm extractEntry README.md
191 silly gunzTarPerm extractEntry LICENSE
192 silly gunzTarPerm extractEntry cli.js
193 silly gunzTarPerm extractEntry LICENSE
194 silly gunzTarPerm extractEntry .package.json.un~
195 silly gunzTarPerm extractEntry mime.js
196 silly gunzTarPerm extractEntry build/build.js
197 silly gunzTarPerm extractEntry benchmark/node-static-0.3.0.txt
198 silly gunzTarPerm extractEntry bin/cli.js
199 silly gunzTarPerm extractEntry build/test.js
200 silly gunzTarPerm extractEntry types.json
201 silly gunzTarPerm extractEntry examples/file-server.js
202 silly gunzTarPerm extractEntry lib/node-static.js
203 silly gunzTarPerm extractEntry lib/.node-static.js.un~
204 silly gunzTarPerm extractEntry lib/node-static/util.js
205 silly gunzTarPerm extractEntry test/fixtures/empty.css
206 silly gunzTarPerm extractEntry test/fixtures/hello.txt
207 silly gunzTarPerm extractEntry test/fixtures/index.html
208 silly gunzTarPerm extractEntry test/fixtures/there/index.html
209 silly gunzTarPerm extractEntry test/integration/node-static-test.js
210 silly gentlyRm /vagrant/node-sonos-http-api-master/node_modules/.staging/mime-5f5a9a11/node_modules is being purged
211 verbose gentlyRm don't care about contents; nuking /vagrant/node-sonos-http-api-master/node_modules/.staging/mime-5f5a9a11/node_modules
212 silly gentlyRm /vagrant/node-sonos-http-api-master/node_modules/.staging/node-static-3c588fc6/node_modules is being purged
213 verbose gentlyRm don't care about contents; nuking /vagrant/node-sonos-http-api-master/node_modules/.staging/node-static-3c588fc6/node_modules
214 silly doParallel preinstall 2
215 silly preinstall mime@1.3.6 /vagrant/node-sonos-http-api-master/node_modules/.staging/mime-5f5a9a11
216 info lifecycle mime@1.3.6~preinstall: mime@1.3.6
217 silly preinstall node-static@0.7.9 /vagrant/node-sonos-http-api-master/node_modules/.staging/node-static-3c588fc6
218 info lifecycle node-static@0.7.9~preinstall: node-static@0.7.9
219 silly lifecycle node-static@0.7.9~preinstall: no script for preinstall, continuing
220 silly lifecycle mime@1.3.6~preinstall: no script for preinstall, continuing
221 silly doReverseSerial remove 0
222 silly doSerial move 0
223 silly doSerial finalize 2
224 silly finalize /vagrant/node-sonos-http-api-master/node_modules/mime
225 silly finalize /vagrant/node-sonos-http-api-master/node_modules/node-static
226 silly doSerial build 2
227 silly build mime@1.3.6
228 info linkStuff mime@1.3.6
229 silly linkStuff mime@1.3.6 has /vagrant/node-sonos-http-api-master/node_modules as its parent node_modules
230 verbose linkBins mime@1.3.6
231 verbose link bins [ { mime: 'cli.js' },
231 verbose link bins   '/vagrant/node-sonos-http-api-master/node_modules/.bin',
231 verbose link bins   false ]
232 verbose linkMans mime@1.3.6
233 silly gentlyRm /vagrant/node-sonos-http-api-master/node_modules/.bin/mime is being purged
234 verbose gentlyRm don't care about contents; nuking /vagrant/node-sonos-http-api-master/node_modules/.bin/mime
235 verbose unlock done using /root/.npm/_locks/staging-d7a218cdecc7cafa.lock for /vagrant/node-sonos-http-api-master/node_modules/.staging
236 silly rollbackFailedOptional Starting
237 silly rollbackFailedOptional Finishing
238 silly runTopLevelLifecycles Finishing
239 silly install printInstalled
240 verbose stack Error: EPROTO: protocol error, symlink '../mime/cli.js' -> '/vagrant/node-sonos-http-api-master/node_modules/.bin/mime'
240 verbose stack     at Error (native)
241 verbose cwd /vagrant/node-sonos-http-api-master
242 error Linux 2.6.32-573.el6.x86_64
243 error argv "/usr/bin/node" "/usr/bin/npm" "install" "--production"
244 error node v6.11.0
245 error npm  v3.10.10
246 error path ../mime/cli.js
247 error code EPROTO
248 error errno -71
249 error syscall symlink
250 error EPROTO: protocol error, symlink '../mime/cli.js' -> '/vagrant/node-sonos-http-api-master/node_modules/.bin/mime'
251 error If you need help, you may report this error at:
251 error     <https://github.com/npm/npm/issues>
252 verbose exit [ -71, true ]
